<?xml version="1.0" encoding="UTF-8"?>
<!-- Generated by org.testng.reporters.JUnitReportReporter -->
<testsuite hostname="LAPTOP-U22S5OH6" failures="0" tests="1" name="KiteTest.TestClass" time="2.439" errors="0" timestamp="2022-09-03T10:13:22 IST" skipped="0">
  <testcase classname="KiteTest.TestClass" name="verifyuserID" time="2.439"/>
  <system-out>
    <![CDATA[running verify user id]]>
  </system-out>
</testsuite> <!-- KiteTest.TestClass -->
